[p.w3layouts.com/demos_new/template_demo/07-03-2018/beverages-demo_Free/883271017/web/index.html]
[backblue.gif]
[fade.gif]
[index.html]
[p.w3layouts.com/demos_new/template_demo/07-03-2018/beverages-demo_Free/883271017/web/css/bootstrap.css]
[p.w3layouts.com/demos_new/template_demo/07-03-2018/beverages-demo_Free/883271017/web/css/style.css]
[p.w3layouts.com/demos_new/template_demo/07-03-2018/beverages-demo_Free/883271017/web/css/zoomslider.css]
[p.w3layouts.com/demos_new/template_demo/07-03-2018/beverages-demo_Free/883271017/web/css/cm-overlay.css]
[p.w3layouts.com/demos_new/template_demo/07-03-2018/beverages-demo_Free/883271017/web/js/jquery-2.2.3.min.js]
[p.w3layouts.com/demos_new/template_demo/07-03-2018/beverages-demo_Free/883271017/web/js/numscroller-1.0.js]
[p.w3layouts.com/demos_new/template_demo/07-03-2018/beverages-demo_Free/883271017/web/js/bootstrap.js]
[ajax.googleapis.com/ajax/libs/jquery/1.10.2/jquery.min.js]
[p.w3layouts.com/demos_new/template_demo/07-03-2018/beverages-demo_Free/883271017/web/css/font-awesome.css]
[www.google-analytics.com/analytics.js]
[m.servedby-buysellads.com/monetization.js]
[p.w3layouts.com/demos_new/template_demo/07-03-2018/beverages-demo_Free/883271017/web/images/logo.png]
[p.w3layouts.com/demos_new/template_demo/07-03-2018/beverages-demo_Free/883271017/web/about.html]
[p.w3layouts.com/demos_new/template_demo/07-03-2018/beverages-demo_Free/883271017/web/services.html]
[p.w3layouts.com/demos_new/template_demo/07-03-2018/beverages-demo_Free/883271017/web/gallery.html]
[p.w3layouts.com/demos_new/template_demo/07-03-2018/beverages-demo_Free/883271017/web/icons.html]
[p.w3layouts.com/demos_new/template_demo/07-03-2018/beverages-demo_Free/883271017/web/contact.html]
[p.w3layouts.com/demos_new/template_demo/07-03-2018/beverages-demo_Free/883271017/web/images/a1.jpg]
[p.w3layouts.com/demos_new/template_demo/07-03-2018/beverages-demo_Free/883271017/web/images/a2.jpg]
[p.w3layouts.com/demos_new/template_demo/07-03-2018/beverages-demo_Free/883271017/web/images/a3.jpg]
[p.w3layouts.com/demos_new/template_demo/07-03-2018/beverages-demo_Free/883271017/web/images/a4.jpg]
[p.w3layouts.com/demos_new/template_demo/07-03-2018/beverages-demo_Free/883271017/web/images/g2.jpg]
[p.w3layouts.com/demos_new/template_demo/07-03-2018/beverages-demo_Free/883271017/web/images/g3.jpg]
[p.w3layouts.com/demos_new/template_demo/07-03-2018/beverages-demo_Free/883271017/web/images/g1.jpg]
[p.w3layouts.com/demos_new/template_demo/07-03-2018/beverages-demo_Free/883271017/web/images/g4.jpg]
[p.w3layouts.com/demos_new/template_demo/07-03-2018/beverages-demo_Free/883271017/web/images/s1.jpg]
[p.w3layouts.com/demos_new/template_demo/07-03-2018/beverages-demo_Free/883271017/web/images/s2.jpg]
[p.w3layouts.com/demos_new/template_demo/07-03-2018/beverages-demo_Free/883271017/web/images/s3.jpg]
[p.w3layouts.com/demos_new/template_demo/07-03-2018/beverages-demo_Free/883271017/web/js/modernizr-2.6.2.min.js]
[p.w3layouts.com/demos_new/template_demo/07-03-2018/beverages-demo_Free/883271017/web/js/jquery.zoomslider.min.js]
[p.w3layouts.com/demos_new/template_demo/07-03-2018/beverages-demo_Free/883271017/web/js/jquery.tools.min.js]
[p.w3layouts.com/demos_new/template_demo/07-03-2018/beverages-demo_Free/883271017/web/js/jquery.mobile.custom.min.js]
[p.w3layouts.com/demos_new/template_demo/07-03-2018/beverages-demo_Free/883271017/web/js/jquery.cm-overlay.js]
[p.w3layouts.com/demos_new/template_demo/07-03-2018/beverages-demo_Free/883271017/web/css/owl.carousel.css]
[p.w3layouts.com/demos_new/template_demo/07-03-2018/beverages-demo_Free/883271017/web/js/owl.carousel.js]
[p.w3layouts.com/demos_new/template_demo/07-03-2018/beverages-demo_Free/883271017/web/js/move-top.js]
[p.w3layouts.com/demos_new/template_demo/07-03-2018/beverages-demo_Free/883271017/web/js/easing.js]
[p.w3layouts.com/demos_new/template_demo/07-03-2018/beverages-demo_Free/883271017/web/js/SmoothScroll.min.js]
[p.w3layouts.com/demos_new/template_demo/07-03-2018/beverages-demo_Free/883271017/web/js/main.js]
[p.w3layouts.com/demos_new/template_demo/07-03-2018/beverages-demo_Free/883271017/web/images/news.png]
[p.w3layouts.com/demos_new/template_demo/07-03-2018/beverages-demo_Free/883271017/web/index.html]
[p.w3layouts.com/demos_new/template_demo/07-03-2018/beverages-demo_Free/883271017/web/fonts/glyphicons-halflings-regular.eot]
[p.w3layouts.com/demos_new/template_demo/07-03-2018/beverages-demo_Free/883271017/web/fonts/glyphicons-halflings-regulard41d.eot]
[p.w3layouts.com/demos_new/template_demo/07-03-2018/beverages-demo_Free/883271017/web/fonts/glyphicons-halflings-regular.woff2]
[p.w3layouts.com/demos_new/template_demo/07-03-2018/beverages-demo_Free/883271017/web/fonts/glyphicons-halflings-regular.woff]
[p.w3layouts.com/demos_new/template_demo/07-03-2018/beverages-demo_Free/883271017/web/fonts/glyphicons-halflings-regular.ttf]
[p.w3layouts.com/demos_new/template_demo/07-03-2018/beverages-demo_Free/883271017/web/css/bootstrap.css]
[p.w3layouts.com/demos_new/template_demo/07-03-2018/beverages-demo_Free/883271017/web/fonts/glyphicons-halflings-regular.svg]
[p.w3layouts.com/demos_new/template_demo/07-03-2018/beverages-demo_Free/883271017/web/images/move-top.png]
[p.w3layouts.com/demos_new/template_demo/07-03-2018/beverages-demo_Free/883271017/web/images/nav.jpg]
[p.w3layouts.com/demos_new/template_demo/07-03-2018/beverages-demo_Free/883271017/web/images/stat.jpg]
[p.w3layouts.com/demos_new/template_demo/07-03-2018/beverages-demo_Free/883271017/web/images/g5.jpg]
[p.w3layouts.com/demos_new/template_demo/07-03-2018/beverages-demo_Free/883271017/web/images/about.33.delayed]
[p.w3layouts.com/demos_new/template_demo/07-03-2018/beverages-demo_Free/883271017/web/images/7.jpg]
[p.w3layouts.com/demos_new/template_demo/07-03-2018/beverages-demo_Free/883271017/web/images/b2.jpg]
[p.w3layouts.com/demos_new/template_demo/07-03-2018/beverages-demo_Free/883271017/web/images/b3.jpg]
[p.w3layouts.com/demos_new/template_demo/07-03-2018/beverages-demo_Free/883271017/web/css/style.css]
[p.w3layouts.com/demos_new/template_demo/07-03-2018/beverages-demo_Free/883271017/web/css/plain.png]
[p.w3layouts.com/demos_new/template_demo/07-03-2018/beverages-demo_Free/883271017/web/images/dots.png]
[p.w3layouts.com/demos_new/template_demo/07-03-2018/beverages-demo_Free/883271017/web/images/1.jpg]
[p.w3layouts.com/demos_new/template_demo/07-03-2018/beverages-demo_Free/883271017/web/css/zoomslider.css]
[p.w3layouts.com/demos_new/template_demo/07-03-2018/beverages-demo_Free/883271017/web/images/close.png]
[p.w3layouts.com/demos_new/template_demo/07-03-2018/beverages-demo_Free/883271017/web/images/left.png]
[p.w3layouts.com/demos_new/template_demo/07-03-2018/beverages-demo_Free/883271017/web/images/right.png]
[p.w3layouts.com/demos_new/template_demo/07-03-2018/beverages-demo_Free/883271017/web/css/cm-overlay.css]
[p.w3layouts.com/demos_new/template_demo/07-03-2018/beverages-demo_Free/883271017/web/fonts/fontawesome-webfont3e6e.eot]
[p.w3layouts.com/demos_new/template_demo/07-03-2018/beverages-demo_Free/883271017/web/fonts/fontawesome-webfont3e6e.woff2]
[p.w3layouts.com/demos_new/template_demo/07-03-2018/beverages-demo_Free/883271017/web/fonts/fontawesome-webfontd41d.eot]
[p.w3layouts.com/demos_new/template_demo/07-03-2018/beverages-demo_Free/883271017/web/fonts/fontawesome-webfont3e6e.woff]
[p.w3layouts.com/demos_new/template_demo/07-03-2018/beverages-demo_Free/883271017/web/fonts/fontawesome-webfont3e6e.ttf]
[p.w3layouts.com/demos_new/template_demo/07-03-2018/beverages-demo_Free/883271017/web/css/font-awesome.css]
[p.w3layouts.com/demos_new/template_demo/07-03-2018/beverages-demo_Free/883271017/web/images/t1.jpg]
[p.w3layouts.com/demos_new/template_demo/07-03-2018/beverages-demo_Free/883271017/web/images/t3.jpg]
[p.w3layouts.com/demos_new/template_demo/07-03-2018/beverages-demo_Free/883271017/web/fonts/fontawesome-webfont3e6e.svg]
[p.w3layouts.com/demos_new/template_demo/07-03-2018/beverages-demo_Free/883271017/web/images/t2.jpg]
[p.w3layouts.com/demos_new/template_demo/07-03-2018/beverages-demo_Free/883271017/web/images/t4.jpg]
[p.w3layouts.com/demos_new/template_demo/07-03-2018/beverages-demo_Free/883271017/web/about.html]
[p.w3layouts.com/demos_new/template_demo/07-03-2018/beverages-demo_Free/883271017/web/services.html]
[p.w3layouts.com/demos_new/template_demo/07-03-2018/beverages-demo_Free/883271017/web/gallery.html]
[p.w3layouts.com/demos_new/template_demo/07-03-2018/beverages-demo_Free/883271017/web/icons.html]
[p.w3layouts.com/demos_new/template_demo/07-03-2018/beverages-demo_Free/883271017/web/contact.html]
[p.w3layouts.com/demos_new/template_demo/07-03-2018/beverages-demo_Free/883271017/web/css/icons.css]
[p.w3layouts.com/demos_new/template_demo/07-03-2018/beverages-demo_Free/883271017/web/css/AjaxLoader.gif]
[p.w3layouts.com/demos_new/template_demo/07-03-2018/beverages-demo_Free/883271017/web/css/grabbing.png]
[p.w3layouts.com/demos_new/template_demo/07-03-2018/beverages-demo_Free/883271017/web/css/owl.carousel.css]
[p.w3layouts.com/demos_new/template_demo/07-03-2018/beverages-demo_Free/883271017/web/fonts/glyphicons-halflings-regular.svg]
[p.w3layouts.com/demos_new/template_demo/07-03-2018/beverages-demo_Free/883271017/web/images/about.html]
[p.w3layouts.com/demos_new/template_demo/07-03-2018/beverages-demo_Free/883271017/web/images/7.html]
[p.w3layouts.com/demos_new/template_demo/07-03-2018/beverages-demo_Free/883271017/web/css/plain.html]
[p.w3layouts.com/demos_new/template_demo/07-03-2018/beverages-demo_Free/883271017/web/images/1.html]
[p.w3layouts.com/demos_new/template_demo/07-03-2018/beverages-demo_Free/883271017/web/fonts/fontawesome-webfont3e6e.svg]
[p.w3layouts.com/demos_new/template_demo/07-03-2018/beverages-demo_Free/883271017/web/css/icons.css]
[p.w3layouts.com/demos_new/template_demo/07-03-2018/beverages-demo_Free/883271017/web/css/AjaxLoader.html]
[p.w3layouts.com/demos_new/template_demo/07-03-2018/beverages-demo_Free/883271017/web/css/grabbing.html]
